Traceback (most recent call last):
  File "main.py", line 139, in <module>
    main(**vars(args))
  File "main.py", line 61, in main
    test_optimization(network_model,network_name,class_nb,object_nb,all_initial_points,obj_class_list,object_list,setup,data_dir=data_dir,override=override,reduced=reduced ,device=device)
  File "/home/hamdiaj/semantic-robustness/scale_robustness.py", line 956, in test_optimization
    optimization_trace, loss_trace, result_region = optimize_n_boundary(f,f_grad,initial_point,learning_rate=learning_rate,alpha=alpha,beta=beta,reg=reg,n_iterations=n_iterations,exp_type=exp)
  File "/home/hamdiaj/semantic-robustness/scale_robustness.py", line 753, in optimize_n_boundary
    loss = - f(initial_point) 
  File "/home/hamdiaj/semantic-robustness/scale_robustness.py", line 937, in <lambda>
    f = lambda x:  query_robustness(renderer,obj_class_list[class_nb],x)
  File "/home/hamdiaj/semantic-robustness/scale_robustness.py", line 297, in query_robustness
    prop = renderer(querry_point)
  File "/home/hamdiaj/.conda/envs/mytensor/lib/python3.6/site-packages/torch/nn/modules/module.py", line 489, in __call__
    result = self.forward(*input, **kwargs)
  File "/home/hamdiaj/semantic-robustness/scale_robustness.py", line 150, in forward
    prop = torch.functional.F.softmax(self.network_model(images),dim=1)
  File "/home/hamdiaj/.conda/envs/mytensor/lib/python3.6/site-packages/torch/nn/modules/module.py", line 489, in __call__
    result = self.forward(*input, **kwargs)
  File "/home/hamdiaj/.conda/envs/mytensor/lib/python3.6/site-packages/torchvision/models/resnet.py", line 150, in forward
    x = self.conv1(x)
  File "/home/hamdiaj/.conda/envs/mytensor/lib/python3.6/site-packages/torch/nn/modules/module.py", line 489, in __call__
    result = self.forward(*input, **kwargs)
  File "/home/hamdiaj/.conda/envs/mytensor/lib/python3.6/site-packages/torch/nn/modules/conv.py", line 320, in forward
    self.padding, self.dilation, self.groups)
TypeError: conv2d(): argument 'input' (position 1) must be Tensor, not tuple
rm: cannot remove ‘core.*’: No such file or directory
