Traceback (most recent call last):
  File "main.py", line 140, in <module>
    main(**vars(args))
  File "main.py", line 70, in main
    test_optimization(network_model,network_name,class_nb,myobject_nb,all_initial_points,obj_class_list,object_list,setup,data_dir=data_dir,override=override,reduced=reduced ,device=device)
  File "/home/hamdiaj/semantic-robustness/scale_robustness.py", line 957, in test_optimization
    optimization_trace, loss_trace, result_region = optimize_n_boundary(f,f_grad,initial_point,learning_rate=learning_rate,alpha=alpha,beta=beta,reg=reg,n_iterations=n_iterations,exp_type=exp)
  File "/home/hamdiaj/semantic-robustness/scale_robustness.py", line 754, in optimize_n_boundary
    loss = - f(initial_point) 
  File "/home/hamdiaj/semantic-robustness/scale_robustness.py", line 938, in <lambda>
    f = lambda x:  query_robustness(renderer,obj_class_list[class_nb],x)
  File "/home/hamdiaj/semantic-robustness/scale_robustness.py", line 298, in query_robustness
    prop = renderer(querry_point)
  File "/home/hamdiaj/.conda/envs/mytensor/lib/python3.6/site-packages/torch/nn/modules/module.py", line 489, in __call__
    result = self.forward(*input, **kwargs)
  File "/home/hamdiaj/semantic-robustness/scale_robustness.py", line 147, in forward
    images = self.renderer(self.vertices, self.faces,self.textures)
  File "/home/hamdiaj/.conda/envs/mytensor/lib/python3.6/site-packages/torch/nn/modules/module.py", line 489, in __call__
    result = self.forward(*input, **kwargs)
  File "/home/hamdiaj/semantic-robustness/neural_renderer/renderer.py", line 78, in forward
    return self.render(vertices, faces, textures, K, R, t, dist_coeffs, orig_size)
  File "/home/hamdiaj/semantic-robustness/neural_renderer/renderer.py", line 225, in render
    vertices = nr.look_at(vertices, self.eye)
  File "/home/hamdiaj/semantic-robustness/neural_renderer/look_at.py", line 60, in look_at
    vertices = torch.matmul(vertices, r.transpose(1,2))
RuntimeError: cublas runtime error : the GPU program failed to execute at /opt/conda/conda-bld/pytorch_1549628766161/work/aten/src/THC/THCBlas.cu:441
