/home/hamdiaj/semantic-robustness/
/home/hamdiaj/semantic-robustness
dgpu601-22
vgg 1 5 1 1 0 600
you asked for all points ... 
starting the expereimtn
iteration:   0,   current loss = 0.0000 , boundaries:  [129.99999  29.99999] [130.00001  30.00001]
iteration:   1,   current loss = 0.0000 , boundaries:  [129.99998963  29.99998963] [130.00001037  30.00001037]
iteration:   2,   current loss = 0.0000 , boundaries:  [129.99998924  29.99998924] [130.00001076  30.00001076]
iteration:   3,   current loss = 0.0000 , boundaries:  [129.99998884  29.99998883] [130.00001116  30.00001116]
iteration:   4,   current loss = 0.0000 , boundaries:  [129.99998842  29.99998842] [130.00001158  30.00001158]
iteration:   5,   current loss = 0.0000 , boundaries:  [129.99998799  29.99998798] [130.00001201  30.00001201]
iteration:   6,   current loss = 0.0000 , boundaries:  [129.99998754  29.99998753] [130.00001246  30.00001246]
iteration:   7,   current loss = 0.0000 , boundaries:  [129.99998707  29.99998707] [130.00001293  30.00001292]
iteration:   8,   current loss = 0.0000 , boundaries:  [129.99998659  29.99998658] [130.00001341  30.00001341]
iteration:   9,   current loss = 0.0000 , boundaries:  [129.99998609  29.99998608] [130.00001392  30.00001391]
iteration:  10,   current loss = 0.0000 , boundaries:  [129.99998557  29.99998556] [130.00001444  30.00001443]
iteration:  11,   current loss = 0.0000 , boundaries:  [129.99998502  29.99998502] [130.00001498  30.00001497]
iteration:  12,   current loss = 0.0000 , boundaries:  [129.99998446  29.99998446] [130.00001554  30.00001553]
iteration:  13,   current loss = 0.0000 , boundaries:  [129.99998388  29.99998387] [130.00001612  30.00001611]
iteration:  14,   current loss = 0.0000 , boundaries:  [129.99998327  29.99998327] [130.00001672  30.00001672]
iteration:  15,   current loss = 0.0000 , boundaries:  [129.99998265  29.99998264] [130.00001735  30.00001734]
iteration:  16,   current loss = 0.0000 , boundaries:  [129.999982    29.99998199] [130.000018    30.00001799]
iteration:  17,   current loss = 0.0000 , boundaries:  [129.99998132  29.99998131] [130.00001867  30.00001866]
iteration:  18,   current loss = 0.0000 , boundaries:  [129.99998063  29.99998061] [130.00001937  30.00001936]
iteration:  19,   current loss = 0.0000 , boundaries:  [129.9999799   29.99997989] [130.0000201   30.00002008]
iteration:  20,   current loss = 0.0000 , boundaries:  [129.99997915  29.99997914] [130.00002085  30.00002083]
iteration:  21,   current loss = 0.0000 , boundaries:  [129.99997837  29.99997836] [130.00002163  30.00002161]
iteration:  22,   current loss = 0.0000 , boundaries:  [129.99997756  29.99997755] [130.00002244  30.00002242]
iteration:  23,   current loss = 0.0000 , boundaries:  [129.99997672  29.99997671] [130.00002327  30.00002326]
iteration:  24,   current loss = 0.0000 , boundaries:  [129.99997585  29.99997584] [130.00002415  30.00002413]
iteration:  25,   current loss = 0.0000 , boundaries:  [129.99997495  29.99997493] [130.00002505  30.00002503]
iteration:  26,   current loss = 0.0000 , boundaries:  [129.99997401  29.99997399] [130.00002599  30.00002597]
iteration:  27,   current loss = 0.0000 , boundaries:  [129.99997304  29.99997302] [130.00002696  30.00002694]
iteration:  28,   current loss = 0.0000 , boundaries:  [129.99997203  29.999972  ] [130.00002798  30.00002795]
iteration:  29,   current loss = 0.0000 , boundaries:  [129.99997099  29.99997096] [130.00002902  30.000029  ]
iteration:  30,   current loss = 0.0000 , boundaries:  [129.99996991  29.99996988] [130.00003011  30.00003008]
iteration:  31,   current loss = 0.0000 , boundaries:  [129.99996878  29.99996876] [130.00003123  30.0000312 ]
iteration:  32,   current loss = 0.0000 , boundaries:  [129.99996762  29.99996759] [130.0000324   30.00003237]
iteration:  33,   current loss = 0.0000 , boundaries:  [129.99996641  29.99996638] [130.0000336   30.00003358]
iteration:  34,   current loss = 0.0000 , boundaries:  [129.99996516  29.99996513] [130.00003486  30.00003483]
iteration:  35,   current loss = 0.0000 , boundaries:  [129.99996386  29.99996383] [130.00003617  30.00003614]
iteration:  36,   current loss = 0.0000 , boundaries:  [129.99996251  29.99996248] [130.00003752  30.00003749]
iteration:  37,   current loss = 0.0000 , boundaries:  [129.9999611   29.99996108] [130.00003892  30.0000389 ]
iteration:  38,   current loss = 0.0000 , boundaries:  [129.99995965  29.99995963] [130.00004037  30.00004035]
iteration:  39,   current loss = 0.0000 , boundaries:  [129.99995815  29.99995813] [130.00004188  30.00004186]
iteration:  40,   current loss = 0.0000 , boundaries:  [129.99995659  29.99995656] [130.00004345  30.00004342]
iteration:  41,   current loss = 0.0000 , boundaries:  [129.99995497  29.99995494] [130.00004507  30.00004505]
iteration:  42,   current loss = 0.0000 , boundaries:  [129.99995328  29.99995326] [130.00004676  30.00004674]
iteration:  43,   current loss = 0.0000 , boundaries:  [129.99995153  29.99995152] [130.0000485   30.00004849]
iteration:  44,   current loss = 0.0000 , boundaries:  [129.99994972  29.99994971] [130.00005031  30.0000503 ]
iteration:  45,   current loss = 0.0000 , boundaries:  [129.99994784  29.99994783] [130.00005219  30.00005218]
iteration:  46,   current loss = 0.0000 , boundaries:  [129.99994588  29.99994587] [130.00005415  30.00005414]
iteration:  47,   current loss = 0.0000 , boundaries:  [129.99994386  29.99994385] [130.00005617  30.00005616]
iteration:  48,   current loss = 0.0000 , boundaries:  [129.99994176  29.99994176] [130.00005826  30.00005826]
iteration:  49,   current loss = 0.0000 , boundaries:  [129.99993958  29.99993958] [130.00006044  30.00006044]
iteration:  50,   current loss = 0.0000 , boundaries:  [129.99993733  29.99993731] [130.0000627   30.00006269]
iteration:  51,   current loss = 0.0000 , boundaries:  [129.99993499  29.99993497] [130.00006505  30.00006503]
iteration:  52,   current loss = 0.0000 , boundaries:  [129.99993256  29.99993253] [130.00006749  30.00006745]
iteration:  53,   current loss = 0.0000 , boundaries:  [129.99993005  29.99993001] [130.00007001  30.00006997]
iteration:  54,   current loss = 0.0000 , boundaries:  [129.99992744  29.99992739] [130.00007263  30.00007258]
iteration:  55,   current loss = 0.0000 , boundaries:  [129.99992472  29.99992466] [130.00007535  30.00007529]
iteration:  56,   current loss = 0.0000 , boundaries:  [129.99992191  29.99992185] [130.00007816  30.0000781 ]
iteration:  57,   current loss = 0.0000 , boundaries:  [129.99991899  29.99991893] [130.00008108  30.00008102]
iteration:  58,   current loss = 0.0000 , boundaries:  [129.99991595  29.99991591] [130.0000841   30.00008406]
iteration:  59,   current loss = 0.0000 , boundaries:  [129.99991281  29.99991276] [130.00008725  30.0000872 ]
iteration:  60,   current loss = 0.0000 , boundaries:  [129.99990955  29.9999095 ] [130.00009051  30.00009046]
iteration:  61,   current loss = 0.0000 , boundaries:  [129.99990617  29.99990613] [130.00009388  30.00009384]
iteration:  62,   current loss = 0.0000 , boundaries:  [129.99990265  29.99990261] [130.00009739  30.00009734]
iteration:  63,   current loss = 0.0000 , boundaries:  [129.99989901  29.99989898] [130.00010102  30.00010099]
iteration:  64,   current loss = 0.0000 , boundaries:  [129.99989524  29.9998952 ] [130.00010481  30.00010477]
iteration:  65,   current loss = 0.0000 , boundaries:  [129.99989131  29.99989127] [130.00010875  30.0001087 ]
iteration:  66,   current loss = 0.0000 , boundaries:  [129.99988724  29.99988722] [130.0001128   30.00011277]
iteration:  67,   current loss = 0.0000 , boundaries:  [129.99988304  29.999883  ] [130.00011704  30.00011699]
iteration:  68,   current loss = 0.0000 , boundaries:  [129.99987866  29.9998786 ] [130.00012142  30.00012136]
iteration:  69,   current loss = 0.0000 , boundaries:  [129.99987413  29.99987407] [130.00012595  30.00012589]
iteration:  70,   current loss = 0.0000 , boundaries:  [129.99986943  29.99986938] [130.00013064  30.00013059]
iteration:  71,   current loss = 0.0000 , boundaries:  [129.99986456  29.99986451] [130.00013552  30.00013546]
iteration:  72,   current loss = 0.0000 , boundaries:  [129.99985951  29.99985943] [130.00014059  30.00014051]
iteration:  73,   current loss = 0.0000 , boundaries:  [129.99985427  29.99985419] [130.00014583  30.00014576]
iteration:  74,   current loss = 0.0000 , boundaries:  [129.99984881  29.99984873] [130.0001513   30.00015122]
iteration:  75,   current loss = 0.0000 , boundaries:  [129.99984313  29.99984307] [130.00015694  30.00015688]
iteration:  76,   current loss = 0.0000 , boundaries:  [129.99983726  29.99983719] [130.00016282  30.00016276]
iteration:  77,   current loss = 0.0000 , boundaries:  [129.99983118  29.99983112] [130.00016889  30.00016883]
iteration:  78,   current loss = 0.0000 , boundaries:  [129.99982488  29.9998248 ] [130.00017521  30.00017513]
iteration:  79,   current loss = 0.0001 , boundaries:  [129.99981833  29.99981824] [130.00018177  30.00018169]
iteration:  80,   current loss = 0.0001 , boundaries:  [129.99981155  29.99981146] [130.00018855  30.00018846]
iteration:  81,   current loss = 0.0001 , boundaries:  [129.99980452  29.99980443] [130.00019561  30.00019552]
iteration:  82,   current loss = 0.0001 , boundaries:  [129.99979722  29.99979711] [130.00020293  30.00020282]
iteration:  83,   current loss = 0.0001 , boundaries:  [129.99978963  29.99978949] [130.00021053  30.00021039]
iteration:  84,   current loss = 0.0001 , boundaries:  [129.99978175  29.99978161] [130.00021838  30.00021824]
iteration:  85,   current loss = 0.0001 , boundaries:  [129.99977358  29.99977341] [130.00022658  30.00022642]
iteration:  86,   current loss = 0.0001 , boundaries:  [129.99976512  29.99976492] [130.00023507  30.00023487]
iteration:  87,   current loss = 0.0001 , boundaries:  [129.99975636  29.99975615] [130.00024384  30.00024363]
iteration:  88,   current loss = 0.0001 , boundaries:  [129.99974726  29.99974706] [130.00025296  30.00025275]
iteration:  89,   current loss = 0.0001 , boundaries:  [129.99973783  29.99973762] [130.00026243  30.00026222]
iteration:  90,   current loss = 0.0001 , boundaries:  [129.99972801  29.9997278 ] [130.00027224  30.00027204]
iteration:  91,   current loss = 0.0001 , boundaries:  [129.99971782  29.99971761] [130.0002824   30.00028219]
iteration:  92,   current loss = 0.0001 , boundaries:  [129.99970725  29.99970708] [130.00029293  30.00029275]
iteration:  93,   current loss = 0.0001 , boundaries:  [129.99969629  29.99969615] [130.00030389  30.00030375]
iteration:  94,   current loss = 0.0001 , boundaries:  [129.99968495  29.99968481] [130.00031523  30.00031508]
iteration:  95,   current loss = 0.0001 , boundaries:  [129.9996732   29.99967305] [130.00032699  30.00032684]
iteration:  96,   current loss = 0.0001 , boundaries:  [129.99966096  29.9996608 ] [130.00033922  30.00033907]
iteration:  97,   current loss = 0.0001 , boundaries:  [129.99964826  29.99964806] [130.00035192  30.00035172]
iteration:  98,   current loss = 0.0001 , boundaries:  [129.99963509  29.99963489] [130.00036505  30.00036485]
iteration:  99,   current loss = 0.0001 , boundaries:  [129.99962142  29.99962122] [130.00037867  30.00037846]
iteration: 100,   current loss = 0.0001 , boundaries:  [129.9996073   29.99960709] [130.00039279  30.00039258]
iteration: 101,   current loss = 0.0001 , boundaries:  [129.99959264  29.99959243] [130.0004075   30.00040729]
iteration: 102,   current loss = 0.0001 , boundaries:  [129.99957743  29.99957717] [130.00042275  30.0004225 ]
iteration: 103,   current loss = 0.0001 , boundaries:  [129.99956165  29.99956134] [130.00043857  30.00043827]
iteration: 104,   current loss = 0.0001 , boundaries:  [129.99954528  29.99954493] [130.000455    30.00045464]
iteration: 105,   current loss = 0.0001 , boundaries:  [129.99952825  29.99952789] [130.00047197  30.00047162]
iteration: 106,   current loss = 0.0001 , boundaries:  [129.99951063  29.99951023] [130.00048963  30.00048923]
iteration: 107,   current loss = 0.0001 , boundaries:  [129.99949236  29.99949195] [130.00050797  30.00050756]
iteration: 108,   current loss = 0.0001 , boundaries:  [129.99947334  29.999473  ] [130.00052692  30.00052658]
iteration: 109,   current loss = 0.0002 , boundaries:  [129.99945369  29.99945334] [130.00054658  30.00054623]
iteration: 110,   current loss = 0.0002 , boundaries:  [129.99943323  29.99943288] [130.00056702  30.00056668]
iteration: 111,   current loss = 0.0002 , boundaries:  [129.99941201  29.99941166] [130.00058816  30.00058781]
iteration: 112,   current loss = 0.0002 , boundaries:  [129.99938999  29.99938956] [130.00061025  30.00060982]
iteration: 113,   current loss = 0.0002 , boundaries:  [129.99936723  29.99936673] [130.00063308  30.00063257]
iteration: 114,   current loss = 0.0002 , boundaries:  [129.99934354  29.99934287] [130.00065684  30.00065617]
iteration: 115,   current loss = 0.0002 , boundaries:  [129.99931898  29.99931812] [130.0006815   30.00068065]
iteration: 116,   current loss = 0.0002 , boundaries:  [129.9992934   29.99929262] [130.00070689  30.00070611]
iteration: 117,   current loss = 0.0002 , boundaries:  [129.99926704  29.99926626] [130.00073324  30.00073247]
iteration: 118,   current loss = 0.0002 , boundaries:  [129.99923985  29.99923876] [130.00076087  30.00075978]
iteration: 119,   current loss = 0.0002 , boundaries:  [129.99921149  29.9992103 ] [130.00078932  30.00078813]
iteration: 120,   current loss = 0.0002 , boundaries:  [129.99918198  29.99918093] [130.00081857  30.00081752]
iteration: 121,   current loss = 0.0002 , boundaries:  [129.99915138  29.99915032] [130.00084906  30.000848  ]
iteration: 122,   current loss = 0.0002 , boundaries:  [129.99911906  29.99911846] [130.00088092  30.00088032]
iteration: 123,   current loss = 0.0003 , boundaries:  [129.99908623  29.99908539] [130.00091397  30.00091313]
iteration: 124,   current loss = 0.0003 , boundaries:  [129.99905178  29.99905093] [130.00094805  30.0009472 ]
iteration: 125,   current loss = 0.0003 , boundaries:  [129.99901592  29.99901518] [130.00098341  30.00098267]
iteration: 126,   current loss = 0.0003 , boundaries:  [129.99897925  29.99897849] [130.00102008  30.00101933]
iteration: 127,   current loss = 0.0003 , boundaries:  [129.99894108  29.99894032] [130.00105812  30.00105735]
iteration: 128,   current loss = 0.0003 , boundaries:  [129.99890163  29.99890083] [130.00109767  30.00109687]
iteration: 129,   current loss = 0.0003 , boundaries:  [129.99886053  29.99885958] [130.00113895  30.00113799]
iteration: 130,   current loss = 0.0003 , boundaries:  [129.99881796  29.99881697] [130.00118149  30.0011805 ]
iteration: 131,   current loss = 0.0003 , boundaries:  [129.99877397  29.9987728 ] [130.00122576  30.00122459]
iteration: 132,   current loss = 0.0004 , boundaries:  [129.99872831  29.99872699] [130.00127168  30.00127035]
iteration: 133,   current loss = 0.0004 , boundaries:  [129.99868078  29.99867946] [130.00131916  30.00131783]
iteration: 134,   current loss = 0.0004 , boundaries:  [129.99863181  29.99863055] [130.00136851  30.00136725]
iteration: 135,   current loss = 0.0004 , boundaries:  [129.99858099  29.99857983] [130.00141971  30.00141855]
iteration: 136,   current loss = 0.0004 , boundaries:  [129.99852789  29.99852683] [130.00147281  30.00147175]
iteration: 137,   current loss = 0.0004 , boundaries:  [129.99847322  29.99847207] [130.00152811  30.00152695]
iteration: 138,   current loss = 0.0004 , boundaries:  [129.99841656  29.99841529] [130.00158572  30.00158445]
iteration: 139,   current loss = 0.0005 , boundaries:  [129.99835777  29.9983564 ] [130.00164524  30.00164387]
iteration: 140,   current loss = 0.0005 , boundaries:  [129.99829679  29.99829551] [130.00170701  30.00170572]
iteration: 141,   current loss = 0.0005 , boundaries:  [129.99823354  29.99823257] [130.00177065  30.00176968]
iteration: 142,   current loss = 0.0005 , boundaries:  [129.99816798  29.99816732] [130.00183662  30.00183596]
iteration: 143,   current loss = 0.0005 , boundaries:  [129.99809992  29.99809965] [130.00190531  30.00190505]
iteration: 144,   current loss = 0.0006 , boundaries:  [129.99802934  29.99802946] [130.00197624  30.00197636]
iteration: 145,   current loss = 0.0006 , boundaries:  [129.99795615  29.99795666] [130.00204983  30.00205034]
iteration: 146,   current loss = 0.0006 , boundaries:  [129.99788025  29.99788116] [130.00212615  30.00212707]
iteration: 147,   current loss = 0.0006 , boundaries:  [129.99780154  29.99780287] [130.00220523  30.00220656]
iteration: 148,   current loss = 0.0006 , boundaries:  [129.99771991  29.9977217 ] [130.00228721  30.002289  ]
iteration: 149,   current loss = 0.0007 , boundaries:  [129.99763521  29.9976375 ] [130.00237223  30.00237452]
iteration: 150,   current loss = 0.0007 , boundaries:  [129.99754737  29.99755014] [130.00246045  30.00246322]
iteration: 151,   current loss = 0.0007 , boundaries:  [129.99745629  29.99745954] [130.00255198  30.00255523]
iteration: 152,   current loss = 0.0007 , boundaries:  [129.99736162  29.99736538] [130.00264688  30.00265063]
iteration: 153,   current loss = 0.0008 , boundaries:  [129.99726338  29.99726772] [130.00274558  30.00274991]
iteration: 154,   current loss = 0.0008 , boundaries:  [129.99716155  29.99716642] [130.00284772  30.0028526 ]
iteration: 155,   current loss = 0.0008 , boundaries:  [129.99705596  29.99706139] [130.00295367  30.0029591 ]
iteration: 156,   current loss = 0.0009 , boundaries:  [129.99694604  29.99695244] [130.00306353  30.00306993]
iteration: 157,   current loss = 0.0009 , boundaries:  [129.99683251  29.9968394 ] [130.00317748  30.00318437]
iteration: 158,   current loss = 0.0009 , boundaries:  [129.99671477  29.99672189] [130.00329589  30.00330301]
iteration: 159,   current loss = 0.0010 , boundaries:  [129.99659249  29.99660003] [130.00341858  30.00342612]
iteration: 160,   current loss = 0.0010 , boundaries:  [129.99646571  29.9964737 ] [130.00354605  30.00355404]
iteration: 161,   current loss = 0.0010 , boundaries:  [129.99633415  29.99634267] [130.00367842  30.00368694]
iteration: 162,   current loss = 0.0011 , boundaries:  [129.99619794  29.99620715] [130.00381538  30.00382458]
iteration: 163,   current loss = 0.0011 , boundaries:  [129.99605659  29.99606662] [130.00395779  30.00396782]
iteration: 164,   current loss = 0.0011 , boundaries:  [129.99590995  29.99591989] [130.00410648  30.00411641]
iteration: 165,   current loss = 0.0012 , boundaries:  [129.99575704  29.99576711] [130.00426079  30.00427086]
iteration: 166,   current loss = 0.0012 , boundaries:  [129.99559847  29.99560927] [130.00442021  30.00443102]
iteration: 167,   current loss = 0.0013 , boundaries:  [129.99543405  29.99544613] [130.00458528  30.00459736]
iteration: 168,   current loss = 0.0013 , boundaries:  [129.99526348  29.99527607] [130.00475753  30.00477012]
iteration: 169,   current loss = 0.0014 , boundaries:  [129.99508635  29.99509927] [130.00493675  30.00494966]
iteration: 170,   current loss = 0.0014 , boundaries:  [129.99490208  29.9949166 ] [130.00512201  30.00513653]
iteration: 171,   current loss = 0.0015 , boundaries:  [129.99471096  29.99472638] [130.00531491  30.00533033]
iteration: 172,   current loss = 0.0015 , boundaries:  [129.99451263  29.99452987] [130.00551491  30.00553216]
iteration: 173,   current loss = 0.0016 , boundaries:  [129.99430638  29.99432607] [130.00572265  30.00574234]
iteration: 174,   current loss = 0.0016 , boundaries:  [129.99409255  29.99411487] [130.00593786  30.00596017]
iteration: 175,   current loss = 0.0017 , boundaries:  [129.99387061  29.99389664] [130.00616075  30.00618678]
iteration: 176,   current loss = 0.0018 , boundaries:  [129.99364048  29.99367096] [130.00639201  30.00642249]
iteration: 177,   current loss = 0.0018 , boundaries:  [129.99340175  29.99343662] [130.00663274  30.00666761]
iteration: 178,   current loss = 0.0019 , boundaries:  [129.99315341  29.99319374] [130.0068825   30.00692283]
iteration: 179,   current loss = 0.0020 , boundaries:  [129.99289576  29.99294017] [130.00714297  30.00718738]
iteration: 180,   current loss = 0.0020 , boundaries:  [129.99262885  29.99267735] [130.00741406  30.00746256]
iteration: 181,   current loss = 0.0021 , boundaries:  [129.99235146  29.9924039 ] [130.00769463  30.00774706]
iteration: 182,   current loss = 0.0022 , boundaries:  [129.99206287  29.99211935] [130.00798544  30.00804192]
iteration: 183,   current loss = 0.0023 , boundaries:  [129.99176327  29.99182427] [130.00828541  30.0083464 ]
iteration: 184,   current loss = 0.0023 , boundaries:  [129.99145301  29.99151937] [130.00859635  30.00866272]
iteration: 185,   current loss = 0.0024 , boundaries:  [129.99113256  29.99120469] [130.00891779  30.00898991]
iteration: 186,   current loss = 0.0025 , boundaries:  [129.99079947  29.99087808] [130.0092509   30.00932951]
iteration: 187,   current loss = 0.0026 , boundaries:  [129.99045451  29.99053852] [130.00959638  30.00968038]
iteration: 188,   current loss = 0.0027 , boundaries:  [129.99009483  29.99018601] [130.00995499  30.01004617]
iteration: 189,   current loss = 0.0028 , boundaries:  [129.98972371  29.9898208 ] [130.01032686  30.01042395]
iteration: 190,   current loss = 0.0029 , boundaries:  [129.98933917  29.989443  ] [130.010711    30.01081482]
iteration: 191,   current loss = 0.0030 , boundaries:  [129.9889398   29.98905007] [130.01110993  30.0112202 ]
iteration: 192,   current loss = 0.0031 , boundaries:  [129.98852522  29.98864199] [130.01152441  30.01164118]
iteration: 193,   current loss = 0.0032 , boundaries:  [129.98809472  29.98821863] [130.01195385  30.01207776]
iteration: 194,   current loss = 0.0033 , boundaries:  [129.98764988  29.98778185] [130.01240785  30.01253982]
iteration: 195,   current loss = 0.0034 , boundaries:  [129.98718907  29.98732865] [130.01287881  30.01301839]
iteration: 196,   current loss = 0.0036 , boundaries:  [129.98670945  29.98685483] [130.01337158  30.01351696]
iteration: 197,   current loss = 0.0037 , boundaries:  [129.98621164  29.9863632 ] [130.01388229  30.01403385]
iteration: 198,   current loss = 0.0038 , boundaries:  [129.98568933  29.98584927] [130.01441207  30.01457201]
iteration: 199,   current loss = 0.0040 , boundaries:  [129.9851469   29.98531468] [130.01496025  30.01512803]
iteration: 200,   current loss = 0.0041 , boundaries:  [129.98458121  29.98476171] [130.01552756  30.01570806]
iteration: 201,   current loss = 0.0042 , boundaries:  [129.98399357  29.98418809] [130.01611649  30.016311  ]
iteration: 202,   current loss = 0.0044 , boundaries:  [129.9833857   29.98359297] [130.01673393  30.0169412 ]
iteration: 203,   current loss = 0.0045 , boundaries:  [129.98275359  29.98297649] [130.0173736   30.01759651]
iteration: 204,   current loss = 0.0047 , boundaries:  [129.98209704  29.98233574] [130.0180372   30.01827591]
iteration: 205,   current loss = 0.0049 , boundaries:  [129.98141743  29.98167457] [130.01872307  30.01898021]
iteration: 206,   current loss = 0.0050 , boundaries:  [129.98071416  29.98098599] [130.01944208  30.01971391]
iteration: 207,   current loss = 0.0052 , boundaries:  [129.97997997  29.98026826] [130.02018787  30.02047616]
iteration: 208,   current loss = 0.0054 , boundaries:  [129.9792149   29.97952029] [130.02096841  30.02127381]
iteration: 209,   current loss = 0.0056 , boundaries:  [129.97841741  29.97873926] [130.02177854  30.02210039]
iteration: 210,   current loss = 0.0058 , boundaries:  [129.97757567  29.97792845] [130.02262099  30.02297377]
iteration: 211,   current loss = 0.0060 , boundaries:  [129.97669736  29.97707809] [130.02350729  30.02388802]
iteration: 212,   current loss = 0.0062 , boundaries:  [129.97578467  29.9761975 ] [130.02443293  30.02484576]
iteration: 213,   current loss = 0.0064 , boundaries:  [129.97482622  29.97527891] [130.02539716  30.02584985]
iteration: 214,   current loss = 0.0066 , boundaries:  [129.9738402   29.97432004] [130.02641224  30.02689208]
iteration: 215,   current loss = 0.0068 , boundaries:  [129.97280522  29.97332407] [130.02746482  30.02798368]
iteration: 216,   current loss = 0.0071 , boundaries:  [129.97172619  29.97227934] [130.02855308  30.02910623]
iteration: 217,   current loss = 0.0073 , boundaries:  [129.97059562  29.9711661 ] [130.02970589  30.03027637]
iteration: 218,   current loss = 0.0076 , boundaries:  [129.96943509  29.97001815] [130.03092153  30.03150458]
iteration: 219,   current loss = 0.0078 , boundaries:  [129.96821702  29.96881081] [130.0321876   30.03278139]
iteration: 220,   current loss = 0.0081 , boundaries:  [129.96693394  29.96754625] [130.03349848  30.03411079]
iteration: 221,   current loss = 0.0083 , boundaries:  [129.96559174  29.96622222] [130.03486017  30.03549065]
iteration: 222,   current loss = 0.0086 , boundaries:  [129.96419717  29.96485358] [130.03626904  30.03692545]
iteration: 223,   current loss = 0.0089 , boundaries:  [129.96275037  29.96343108] [130.03774018  30.03842089]
iteration: 224,   current loss = 0.0092 , boundaries:  [129.96123861  29.96194584] [130.03927449  30.03998172]
iteration: 225,   current loss = 0.0095 , boundaries:  [129.95965945  29.96039169] [130.04086684  30.04159908]
iteration: 226,   current loss = 0.0098 , boundaries:  [129.95800899  29.95877203] [130.04252272  30.04328577]
iteration: 227,   current loss = 0.0101 , boundaries:  [129.95628586  29.95707462] [130.04425651  30.04504527]
iteration: 228,   current loss = 0.0104 , boundaries:  [129.95451745  29.95532483] [130.04606391  30.04687129]
iteration: 229,   current loss = 0.0107 , boundaries:  [129.95266991  29.95348461] [130.04795786  30.04877256]
iteration: 230,   current loss = 0.0111 , boundaries:  [129.9507599   29.95159435] [130.04991595  30.05075039]
iteration: 231,   current loss = 0.0114 , boundaries:  [129.94879793  29.9496709 ] [130.0519306   30.05280357]
iteration: 232,   current loss = 0.0117 , boundaries:  [129.94675082  29.94765808] [130.05401064  30.0549179 ]
iteration: 233,   current loss = 0.0120 , boundaries:  [129.94463275  29.94553685] [130.05620639  30.05711049]
iteration: 234,   current loss = 0.0124 , boundaries:  [129.9423935   29.94331762] [130.05848047  30.05940459]
iteration: 235,   current loss = 0.0127 , boundaries:  [129.94010778  29.94101292] [130.06087065  30.06177578]
iteration: 236,   current loss = 0.0131 , boundaries:  [129.93774059  29.93864645] [130.06333627  30.06424212]
iteration: 237,   current loss = 0.0134 , boundaries:  [129.93528494  29.93622613] [130.06585164  30.06679282]
iteration: 238,   current loss = 0.0137 , boundaries:  [129.93272342  29.93369964] [130.06846246  30.06943868]
iteration: 239,   current loss = 0.0140 , boundaries:  [129.93004956  29.93105513] [130.07119178  30.07219735]
iteration: 240,   current loss = 0.0144 , boundaries:  [129.92730136  29.92833512] [130.07399829  30.07503205]
iteration: 241,   current loss = 0.0147 , boundaries:  [129.92445201  29.92550447] [130.07692406  30.07797652]
iteration: 242,   current loss = 0.0150 , boundaries:  [129.92150638  29.92257809] [130.07995024  30.08102195]
iteration: 243,   current loss = 0.0153 , boundaries:  [129.91844123  29.91956118] [130.08306962  30.08418958]
iteration: 244,   current loss = 0.0156 , boundaries:  [129.91528302  29.91644295] [130.08627999  30.08743992]
iteration: 245,   current loss = 0.0159 , boundaries:  [129.91199043  29.91324852] [130.08960456  30.09086264]
iteration: 246,   current loss = 0.0162 , boundaries:  [129.90860012  29.90996949] [130.09299434  30.09436371]
iteration: 247,   current loss = 0.0163 , boundaries:  [129.90501876  29.90654901] [130.09648627  30.09801652]
iteration: 248,   current loss = 0.0165 , boundaries:  [129.90124165  29.90294586] [130.10009797  30.10180217]
iteration: 249,   current loss = 0.0167 , boundaries:  [129.89736871  29.89920474] [130.10389596  30.10573199]
iteration: 250,   current loss = 0.0168 , boundaries:  [129.89336904  29.89534202] [130.10786175  30.10983473]
iteration: 251,   current loss = 0.0168 , boundaries:  [129.88920818  29.89127477] [130.11201395  30.11408054]
iteration: 252,   current loss = 0.0168 , boundaries:  [129.88484148  29.88701346] [130.11637305  30.11854503]
iteration: 253,   current loss = 0.0171 , boundaries:  [129.88027209  29.8825619 ] [130.1209073   30.12319711]
iteration: 254,   current loss = 0.0170 , boundaries:  [129.87560395  29.87804343] [130.12551087  30.12795036]
iteration: 255,   current loss = 0.0170 , boundaries:  [129.87069909  29.8733699 ] [130.13027693  30.13294773]
iteration: 256,   current loss = 0.0170 , boundaries:  [129.86581451  29.86851598] [130.13536446  30.13806593]
iteration: 257,   current loss = 0.0167 , boundaries:  [129.86072598  29.86350655] [130.14058683  30.1433674 ]
iteration: 258,   current loss = 0.0161 , boundaries:  [129.855546    29.85827707] [130.14612761  30.14885868]
iteration: 259,   current loss = 0.0158 , boundaries:  [129.85006065  29.85273094] [130.15200254  30.15467283]
iteration: 260,   current loss = 0.0153 , boundaries:  [129.84426675  29.84684428] [130.15798837  30.1605659 ]
iteration: 261,   current loss = 0.0145 , boundaries:  [129.83816488  29.8406939 ] [130.16415935  30.16668837]
iteration: 262,   current loss = 0.0140 , boundaries:  [129.83188511  29.83423352] [130.17075756  30.17310597]
iteration: 263,   current loss = 0.0131 , boundaries:  [129.8254465   29.82757344] [130.17757209  30.17969903]
iteration: 264,   current loss = 0.0123 , boundaries:  [129.81872028  29.82072913] [130.18464716  30.18665601]
iteration: 265,   current loss = 0.0107 , boundaries:  [129.81171281  29.8137077 ] [130.19189867  30.19389356]
iteration: 266,   current loss = 0.0099 , boundaries:  [129.80434232  29.80626603] [130.19958898  30.20151269]
iteration: 267,   current loss = 0.0082 , boundaries:  [129.79687298  29.79853817] [130.20746675  30.20913194]
iteration: 268,   current loss = 0.0064 , boundaries:  [129.78897907  29.79038877] [130.21567239  30.21708209]
iteration: 269,   current loss = 0.0043 , boundaries:  [129.78081717  29.7819224 ] [130.22424654  30.22535177]
iteration: 270,   current loss = 0.0014 , boundaries:  [129.77227856  29.77314257] [130.23318069  30.2340447 ]
iteration: 271,   current loss = -0.0000 , boundaries:  [129.76327532  29.76378912] [130.24264445  30.24315824]
iteration: 272,   current loss = -0.0034 , boundaries:  [129.7540514   29.75411013] [130.25213397  30.2521927 ]
iteration: 273,   current loss = -0.0063 , boundaries:  [129.74444818  29.74393248] [130.26223281  30.2617171 ]
iteration: 274,   current loss = -0.0097 , boundaries:  [129.73461539  29.73331763] [130.27276503  30.27146727]
iteration: 275,   current loss = -0.0137 , boundaries:  [129.72434494  29.72218825] [130.28362642  30.28146973]
iteration: 276,   current loss = -0.0187 , boundaries:  [129.71348451  29.71065056] [130.29477457  30.29194061]
iteration: 277,   current loss = -0.0224 , boundaries:  [129.70205807  29.698427  ] [130.30644639  30.30281533]
iteration: 278,   current loss = -0.0269 , boundaries:  [129.69046122  29.68587776] [130.31844983  30.31386637]
iteration: 279,   current loss = -0.0334 , boundaries:  [129.67843915  29.67297142] [130.33072355  30.32525582]
iteration: 280,   current loss = -0.0413 , boundaries:  [129.66600991  29.65948058] [130.34376426  30.33723492]
iteration: 281,   current loss = -0.0484 , boundaries:  [129.65285584  29.64476797] [130.35753215  30.34944428]
iteration: 282,   current loss = -0.0538 , boundaries:  [129.63931656  29.62941361] [130.37192303  30.36202009]
iteration: 283,   current loss = -0.0627 , boundaries:  [129.62541554  29.61403048] [130.38633424  30.37494919]
iteration: 284,   current loss = -0.0723 , boundaries:  [129.61111227  29.598247  ] [130.40156902  30.38870375]
iteration: 285,   current loss = -0.0838 , boundaries:  [129.59663745  29.58159693] [130.41785687  30.40281635]
iteration: 286,   current loss = -0.0972 , boundaries:  [129.58097032  29.56400815] [130.43446755  30.41750538]
iteration: 287,   current loss = -0.1105 , boundaries:  [129.56440348  29.54571666] [130.45189998  30.43321317]
iteration: 288,   current loss = -0.1271 , boundaries:  [129.54682908  29.52624731] [130.46976842  30.44918665]
iteration: 289,   current loss = -0.1397 , boundaries:  [129.52877296  29.5053189 ] [130.48907355  30.46561949]
iteration: 290,   current loss = -0.1565 , boundaries:  [129.51057128  29.4839569 ] [130.50904072  30.48242634]
iteration: 291,   current loss = -0.1841 , boundaries:  [129.49161777  29.46221885] [130.52975795  30.50035904]
iteration: 292,   current loss = -0.2006 , boundaries:  [129.47051316  29.43938321] [130.55164135  30.5205114 ]
iteration: 293,   current loss = -0.2190 , boundaries:  [129.44959313  29.41617484] [130.57448766  30.54106937]
iteration: 294,   current loss = -0.2397 , boundaries:  [129.4273257   29.39208683] [130.59694596  30.56170709]
iteration: 295,   current loss = -0.2579 , boundaries:  [129.40565809  29.36759585] [130.62115001  30.58308777]
iteration: 296,   current loss = -0.2879 , boundaries:  [129.38350919  29.34275461] [130.64540762  30.60465305]
iteration: 297,   current loss = -0.3206 , boundaries:  [129.36017926  29.31655273] [130.6707505   30.62712397]
iteration: 298,   current loss = -0.3478 , boundaries:  [129.33550343  29.28890102] [130.69707622  30.65047381]
iteration: 299,   current loss = -0.3815 , boundaries:  [129.31106292  29.26103944] [130.72477979  30.67475631]
iteration: 300,   current loss = -0.4264 , boundaries:  [129.28472646  29.23221617] [130.75242824  30.69991794]
iteration: 301,   current loss = -0.4711 , boundaries:  [129.25635622  29.20140294] [130.78108947  30.72613619]
iteration: 302,   current loss = -0.5140 , boundaries:  [129.22635913  29.16849879] [130.8106728   30.75281245]
iteration: 303,   current loss = -0.5510 , boundaries:  [129.19564137  29.13536447] [130.84143332  30.78115642]
iteration: 304,   current loss = -0.6071 , boundaries:  [129.16334271  29.1011357 ] [130.87145862  30.80925161]
iteration: 305,   current loss = -0.6668 , boundaries:  [129.12938454  29.06580874] [130.90270625  30.83913045]
iteration: 306,   current loss = -0.7228 , boundaries:  [129.09345228  29.02744385] [130.93479003  30.8687816 ]
iteration: 307,   current loss = -0.8223 , boundaries:  [129.05732968  28.98667626] [130.96863275  30.89797934]
iteration: 308,   current loss = -0.8749 , boundaries:  [129.01900417  28.94293574] [131.0064104   30.93034198]
iteration: 309,   current loss = -0.9602 , boundaries:  [128.98034886  28.89797445] [131.04433228  30.96195787]
iteration: 310,   current loss = -1.0909 , boundaries:  [128.94143652  28.85206574] [131.08546898  30.99609819]
iteration: 311,   current loss = -1.2343 , boundaries:  [128.8989804   28.80274348] [131.13018259  31.03394568]
iteration: 312,   current loss = -1.3313 , boundaries:  [128.85338757  28.7499332 ] [131.17888755  31.07543318]
iteration: 313,   current loss = -1.4694 , boundaries:  [128.80709319  28.69611083] [131.22886189  31.11787953]
iteration: 314,   current loss = -1.5648 , boundaries:  [128.75916345  28.63963453] [131.28212774  31.16259882]
iteration: 315,   current loss = -1.7097 , boundaries:  [128.71114215  28.58267836] [131.33597891  31.20751511]
iteration: 316,   current loss = -1.8443 , boundaries:  [128.66088204  28.52335889] [131.39178046  31.25425731]
iteration: 317,   current loss = -2.0438 , boundaries:  [128.60882667  28.46448998] [131.4484585   31.30412181]
iteration: 318,   current loss = -2.1986 , boundaries:  [128.55438567  28.40422706] [131.50945767  31.35929906]
iteration: 319,   current loss = -2.3697 , boundaries:  [128.4972869   28.34277208] [131.57034036  31.41582554]
iteration: 320,   current loss = -2.6656 , boundaries:  [128.43589338  28.28082658] [131.62999723  31.47493043]
iteration: 321,   current loss = -2.8791 , boundaries:  [128.37058401  28.21235993] [131.69599743  31.53777334]
iteration: 322,   current loss = -3.0052 , boundaries:  [128.29839317  28.13992563] [131.75873736  31.60026982]
iteration: 323,   current loss = -3.1893 , boundaries:  [128.22609642  28.07005749] [131.81921048  31.66317155]
iteration: 324,   current loss = -3.4327 , boundaries:  [128.15446276  27.99907537] [131.88152294  31.72613555]
iteration: 325,   current loss = -3.6995 , boundaries:  [128.07993619  27.92660754] [131.94494572  31.79161707]
iteration: 326,   current loss = -4.1499 , boundaries:  [128.00007652  27.85089687] [132.00750456  31.85832491]
iteration: 327,   current loss = -4.4667 , boundaries:  [127.91349618  27.76774755] [132.07616917  31.93042054]
iteration: 328,   current loss = -5.0883 , boundaries:  [127.82514204  27.67856461] [132.14745434  32.00087691]
iteration: 329,   current loss = -5.5474 , boundaries:  [127.73064933  27.57622406] [132.23024375  32.07581848]
iteration: 330,   current loss = -5.6338 , boundaries:  [127.63145751  27.46706301] [132.31591804  32.15152354]
iteration: 331,   current loss = -6.3036 , boundaries:  [127.54310584  27.36907795] [132.40269146  32.22866357]
iteration: 332,   current loss = -6.9275 , boundaries:  [127.44401513  27.25623103] [132.49412279  32.3063387 ]
iteration: 333,   current loss = -7.5895 , boundaries:  [127.33730254  27.13459337] [132.58904134  32.38633217]
iteration: 334,   current loss = -8.5731 , boundaries:  [127.22398217  27.00509906] [132.6879973   32.46911419]
iteration: 335,   current loss = -9.3335 , boundaries:  [127.1057568   26.86646376] [132.80257797  32.56328493]
iteration: 336,   current loss = -9.9239 , boundaries:  [126.98284607  26.7230601 ] [132.92168917  32.6619032 ]
iteration: 337,   current loss = -10.8317 , boundaries:  [126.85970109  26.57946098] [133.04225348  32.76201337]
iteration: 338,   current loss = -11.2870 , boundaries:  [126.72936383  26.4235693 ] [133.16694633  32.8611518 ]
iteration: 339,   current loss = -12.7340 , boundaries:  [126.60895062  26.26911747] [133.29672679  32.95689364]
iteration: 340,   current loss = -13.3429 , boundaries:  [126.46795267  26.1041896 ] [133.43107198  33.06730891]
iteration: 341,   current loss = -14.9773 , boundaries:  [126.32889329  25.93399507] [133.56428047  33.16938224]
iteration: 342,   current loss = -15.9845 , boundaries:  [126.18224748  25.75186269] [133.71521358  33.28482879]
iteration: 343,   current loss = -16.8607 , boundaries:  [126.03439051  25.56470676] [133.8693687   33.39968496]
iteration: 344,   current loss = -18.4392 , boundaries:  [125.88129602  25.3804094 ] [134.01825474  33.51736812]
iteration: 345,   current loss = -19.6395 , boundaries:  [125.72064311  25.19139449] [134.17636818  33.64711956]
iteration: 346,   current loss = -20.8935 , boundaries:  [125.55877671  25.00001992] [134.33819641  33.77943963]
iteration: 347,   current loss = -22.6097 , boundaries:  [125.39013422  24.79923744] [134.49821554  33.90731876]
iteration: 348,   current loss = -24.3523 , boundaries:  [125.20048493  24.59301129] [134.65116473  34.0436911 ]
iteration: 349,   current loss = -26.0942 , boundaries:  [125.01354597  24.37935019] [134.81885255  34.18465677]
iteration: 350,   current loss = -29.5324 , boundaries:  [124.80833768  24.1629952 ] [134.9780679   34.33272541]
iteration: 351,   current loss = -33.6636 , boundaries:  [124.55853743  23.91901161] [135.13394761  34.49442179]
iteration: 352,   current loss = -37.8790 , boundaries:  [124.27782055  23.63118331] [135.30664556  34.66000833]
iteration: 353,   current loss = -41.1933 , boundaries:  [123.97969092  23.31979187] [135.50313181  34.84323276]
iteration: 354,   current loss = -45.1353 , boundaries:  [123.66154286  23.01662102] [135.69774702  35.05282518]
iteration: 355,   current loss = -49.3796 , boundaries:  [123.3179903   22.67280339] [135.89174773  35.24656083]
iteration: 356,   current loss = -56.4797 , boundaries:  [122.97132317  22.32145036] [136.10732952  35.45745671]
iteration: 357,   current loss = -62.3705 , boundaries:  [122.56794918  21.91758114] [136.32944146  35.67907341]
iteration: 358,   current loss = -70.1539 , boundaries:  [122.13729413  21.49201139] [136.55829001  35.91300726]
iteration: 359,   current loss = -79.3851 , boundaries:  [121.6863851   21.03445197] [136.82018641  36.16825329]
iteration: 360,   current loss = -84.7355 , boundaries:  [121.17293865  20.53872067] [137.08145762  36.44723964]
iteration: 361,   current loss = -88.5620 , boundaries:  [120.6793313   20.06366824] [137.36324842  36.74758536]
iteration: 362,   current loss = -96.4398 , boundaries:  [120.17853931  19.64867992] [137.61870759  37.0888482 ]
iteration: 363,   current loss = -98.7572 , boundaries:  [119.60813231  19.19662816] [137.83373193  37.42222777]
iteration: 364,   current loss = -110.1910 , boundaries:  [119.05273725  18.81334502] [138.0258291   37.78643687]
iteration: 365,   current loss = -120.4657 , boundaries:  [118.44461715  18.34451399] [138.228082    38.12797884]
iteration: 366,   current loss = -137.2662 , boundaries:  [117.79863916  17.87698822] [138.4325615   38.51091056]
iteration: 367,   current loss = -135.2638 , boundaries:  [117.08113479  17.36731722] [138.66115321  38.94733564]
iteration: 368,   current loss = -154.3984 , boundaries:  [116.46999882  16.87088858] [138.90030318  39.30119294]
iteration: 369,   current loss = -170.7110 , boundaries:  [115.75774851  16.31757069] [139.14442563  39.70424782]
iteration: 370,   current loss = -189.5184 , boundaries:  [114.94847348  15.76554518] [139.35560124  40.17267293]
iteration: 371,   current loss = -211.0392 , boundaries:  [114.08389326  15.28349084] [139.5841384   40.78373598]
iteration: 372,   current loss = -250.6412 , boundaries:  [113.18817385  14.69456564] [139.86189184  41.36828363]
iteration: 373,   current loss = -294.3639 , boundaries:  [112.0980349   13.97765651] [140.14587507  42.02549668]
iteration: 374,   current loss = -346.4063 , boundaries:  [110.79564069  13.15673441] [140.40982115  42.77091486]
iteration: 375,   current loss = -390.6601 , boundaries:  [109.30158059  12.18766298] [140.69122426  43.57730665]
iteration: 376,   current loss = -370.5945 , boundaries:  [107.63478149  11.23784062] [140.9140181   44.51707723]
iteration: 377,   current loss = -373.5886 , boundaries:  [106.07134729  10.59910614] [140.94046511  45.46822396]
iteration: 378,   current loss = -348.8772 , boundaries:  [104.62388411  10.13242948] [140.96670867  46.47525405]
iteration: 379,   current loss = -437.9693 , boundaries:  [103.38591485   9.76066446] [140.95009046  47.32484006]
iteration: 380,   current loss = -469.5521 , boundaries:  [101.79408855   9.06073594] [140.96711054  48.23375794]
iteration: 381,   current loss = -527.3048 , boundaries:  [100.23921648   8.41498547] [141.0543862   49.23015519]
iteration: 382,   current loss = -633.9182 , boundaries:  [98.59069911  7.64534792] [141.20171622  50.25636503]
iteration: 383,   current loss = -743.9991 , boundaries:  [96.68423713  6.74915534] [141.44669071  51.51160891]
iteration: 384,   current loss = -751.0737 , boundaries:  [94.54600548  5.74271941] [141.76570478  52.96241871]
iteration: 385,   current loss = -950.5116 , boundaries:  [92.46283201  4.70984806] [141.94760983  54.19462588]
iteration: 386,   current loss = -1078.1410 , boundaries:  [89.92008931  3.49840114] [142.28508791  55.86339975]
iteration: 387,   current loss = -1113.5437 , boundaries:  [87.15218737  2.21063316] [142.61596264  57.67440842]
iteration: 388,   current loss = -1161.4420 , boundaries:  [84.42889292  0.92075053] [142.82706777  59.31892538]
iteration: 389,   current loss = -1197.3325 , boundaries:  [81.82501462 -0.30394293] [143.06117576  60.93221821]
iteration: 390,   current loss = -1069.5355 , boundaries:  [79.06497048 -1.5498993 ] [143.01523352  62.40036374]
iteration: 391,   current loss = -941.2131 , boundaries:  [76.83157417 -2.35775221] [142.87601398  63.68668761]
iteration: 392,   current loss = -835.6840 , boundaries:  [75.11229053 -3.06940099] [142.71436753  64.532676  ]
iteration: 393,   current loss = -879.1932 , boundaries:  [73.59905094 -3.51314408] [142.34973251  65.23753748]
iteration: 394,   current loss = -795.0501 , boundaries:  [72.01535217 -4.03422219] [141.97693201  65.92735764]
iteration: 395,   current loss = -805.9050 , boundaries:  [70.66074571 -4.41444004] [141.52419761  66.44901187]
iteration: 396,   current loss = -664.5292 , boundaries:  [69.24934153 -4.77618373] [140.99833775  66.97281249]
iteration: 397,   current loss = -722.9019 , boundaries:  [68.28278246 -4.95519558] [140.47745523  67.23947719]
iteration: 398,   current loss = -768.3259 , boundaries:  [67.16947802 -5.11753782] [139.95118771  67.66417187]
iteration: 399,   current loss = -624.5894 , boundaries:  [65.91035205 -5.46169989] [139.37602763  68.00397569]
iteration: 400,   current loss = -688.9622 , boundaries:  [65.07740981 -5.41231106] [138.80241315  68.31269228]
iteration: 401,   current loss = -678.7287 , boundaries:  [64.04227285 -5.67208809] [138.19006605  68.4757051 ]
iteration: 402,   current loss = -676.1734 , boundaries:  [63.02501358 -5.73144716] [137.54888074  68.79242   ]
iteration: 403,   current loss = -645.5155 , boundaries:  [62.03082409 -5.76152553] [136.90714735  69.11479773]
iteration: 404,   current loss = -515.9648 , boundaries:  [61.12759682 -5.87658022] [136.25889577  69.25471873]
iteration: 405,   current loss = -542.3256 , boundaries:  [60.58786042 -5.89029407] [135.61831934  69.14016485]
iteration: 406,   current loss = -575.4928 , boundaries:  [59.96264973 -5.95806596] [134.96639837  69.04568268]
iteration: 407,   current loss = -531.8293 , boundaries:  [59.25083533 -6.12020477] [134.31736406  68.94632397]
iteration: 408,   current loss = -468.5109 , boundaries:  [58.66671572 -6.11649367] [133.67715267  68.89394328]
iteration: 409,   current loss = -444.1003 , boundaries:  [58.24259806 -6.04305131] [133.03029915  68.74464979]
iteration: 410,   current loss = -500.3832 , boundaries:  [57.84409544 -5.95884211] [132.35195594  68.54901839]
iteration: 411,   current loss = -604.4130 , boundaries:  [57.28829907 -5.87735566] [131.67745561  68.51180088]
iteration: 412,   current loss = -560.4643 , boundaries:  [56.45227942 -5.98532065] [131.00693999  68.56933992]
iteration: 413,   current loss = -472.9764 , boundaries:  [55.7610273  -5.99434771] [130.35637791  68.6010029 ]
iteration: 414,   current loss = -513.7496 , boundaries:  [55.31772155 -5.9763785 ] [129.71756186  68.42346181]
iteration: 415,   current loss = -520.4012 , boundaries:  [54.74649886 -6.04323323] [129.06767712  68.27794503]
iteration: 416,   current loss = -534.5837 , boundaries:  [54.17460864 -5.94116199] [128.43805927  68.32228865]
iteration: 417,   current loss = -571.4634 , boundaries:  [53.58434457 -5.81711022] [127.83050583  68.42905104]
iteration: 418,   current loss = -591.3882 , boundaries:  [52.90428114 -5.77508354] [127.23317837  68.55381369]
iteration: 419,   current loss = -526.9841 , boundaries:  [52.18099295 -5.72997066] [126.64287043  68.73190682]
iteration: 420,   current loss = -421.7536 , boundaries:  [51.6555249  -5.57224248] [126.07189576  68.84412837]
iteration: 421,   current loss = -489.7174 , boundaries:  [51.37903154 -5.30534857] [125.46885624  68.78447612]
iteration: 422,   current loss = -492.0101 , boundaries:  [50.9590605  -5.02394585] [124.91732875  68.9343224 ]
iteration: 423,   current loss = -441.4998 , boundaries:  [50.55586715 -4.94567985] [124.39376169  68.89221469]
iteration: 424,   current loss = -485.9708 , boundaries:  [50.28427869 -4.69069824] [123.8695619   68.89458497]
iteration: 425,   current loss = -543.4006 , boundaries:  [49.88284876 -4.5585359 ] [123.34554751  68.90416286]
iteration: 426,   current loss = -556.2505 , boundaries:  [49.42389527 -4.47808204] [122.92501621  69.02303889]
iteration: 427,   current loss = -617.5834 , boundaries:  [48.94833709 -4.37672937] [122.52130357  69.19623711]
iteration: 428,   current loss = -544.1967 , boundaries:  [48.47421509 -4.45868301] [122.28283902  69.34994092]
iteration: 429,   current loss = -577.8001 , boundaries:  [48.14142252 -4.42195776] [121.97677351  69.41339324]
iteration: 430,   current loss = -594.4438 , boundaries:  [47.76559971 -4.34023412] [121.71763211  69.61179828]
iteration: 431,   current loss = -557.9964 , boundaries:  [47.29220281 -4.3275311 ] [121.40112584  69.78139193]
iteration: 432,   current loss = -513.9859 , boundaries:  [46.97928458 -4.26503526] [121.14019528  69.89587543]
iteration: 433,   current loss = -472.1121 , boundaries:  [46.87784212 -4.13512663] [120.9699559   69.95698715]
iteration: 434,   current loss = -512.7211 , boundaries:  [46.73797362 -3.94760868] [120.65092168  69.96533938]
iteration: 435,   current loss = -476.1942 , boundaries:  [46.61317655 -3.86245719] [120.4635147   69.98788096]
iteration: 436,   current loss = -499.2178 , boundaries:  [46.53595054 -3.77350007] [120.22718586  69.91773525]
iteration: 437,   current loss = -518.6602 , boundaries:  [46.47045151 -3.66780201] [120.07103692  69.93278339]
iteration: 438,   current loss = -587.1776 , boundaries:  [46.40248735 -3.6579857 ] [119.96873677  69.90826372]
iteration: 439,   current loss = -515.7760 , boundaries:  [46.16533585 -3.73791914] [119.88486779  69.9816128 ]
iteration: 440,   current loss = -607.9538 , boundaries:  [46.03472101 -3.67005649] [119.70743918  70.00266168]
iteration: 441,   current loss = -461.0543 , boundaries:  [45.82898165 -3.8692388 ] [119.70694762  70.00872717]
iteration: 442,   current loss = -549.6329 , boundaries:  [45.88285223 -3.73841494] [119.55969408  69.93842691]
iteration: 443,   current loss = -528.7887 , boundaries:  [45.79123009 -3.76251609] [119.51482945  69.96108327]
iteration: 444,   current loss = -535.7150 , boundaries:  [45.79511753 -3.71838116] [119.50704592  69.99354723]
iteration: 445,   current loss = -531.7010 , boundaries:  [45.76949351 -3.74352941] [119.48900443  69.97598151]
iteration: 446,   current loss = -528.9230 , boundaries:  [45.7739968  -3.77639074] [119.48989912  69.93951158]
iteration: 447,   current loss = -513.9193 , boundaries:  [45.77727984 -3.72490722] [119.48217937  69.97999232]
iteration: 448,   current loss = -534.7531 , boundaries:  [45.77583333 -3.70537386] [119.42945143  69.94824424]
iteration: 449,   current loss = -522.1270 , boundaries:  [45.70578709 -3.68737038] [119.36669269  69.97353522]
iteration: 450,   current loss = -534.6674 , boundaries:  [45.68402502 -3.71955733] [119.31764691  69.91406456]
iteration: 451,   current loss = -526.9825 , boundaries:  [45.69633342 -3.75729672] [119.33780429  69.88417415]
iteration: 452,   current loss = -530.6085 , boundaries:  [45.71385082 -3.76885329] [119.34198765  69.85928353]
iteration: 453,   current loss = -539.9148 , boundaries:  [45.68735715 -3.73665833] [119.31253533  69.88851985]
iteration: 454,   current loss = -532.9049 , boundaries:  [45.71015051 -3.8020332 ] [119.35776746  69.84558375]
iteration: 455,   current loss = -528.7749 , boundaries:  [45.70864018 -3.7834836 ] [119.35876391  69.86664014]
iteration: 456,   current loss = -532.3264 , boundaries:  [45.71548719 -3.76153123] [119.35680302  69.8797846 ]
iteration: 457,   current loss = -512.7961 , boundaries:  [45.69115707 -3.75606856] [119.33365846  69.88643283]
iteration: 458,   current loss = -560.3660 , boundaries:  [45.720614   -3.73220645] [119.31121312  69.85839266]
iteration: 459,   current loss = -507.5359 , boundaries:  [45.65943673 -3.80173417] [119.32943657  69.86826567]
iteration: 460,   current loss = -555.6320 , boundaries:  [45.71150306 -3.7515444 ] [119.31425041  69.85120295]
iteration: 461,   current loss = -500.6657 , boundaries:  [45.65774274 -3.79798229] [119.32653253  69.8708075 ]
iteration: 462,   current loss = -543.3370 , boundaries:  [45.7154386  -3.71806991] [119.29837107  69.86486256]
iteration: 463,   current loss = -525.7023 , boundaries:  [45.66445123 -3.7328853 ] [119.28081109  69.88347457]
iteration: 464,   current loss = -527.2257 , boundaries:  [45.66841852 -3.741457  ] [119.26895695  69.85908144]
iteration: 465,   current loss = -547.8629 , boundaries:  [45.69055624 -3.75073927] [119.28003614  69.83874063]
iteration: 466,   current loss = -528.9509 , boundaries:  [45.663863  -3.7585872] [119.29880836  69.87635816]
iteration: 467,   current loss = -526.1731 , boundaries:  [45.67521897 -3.7641466 ] [119.30243425  69.86306868]
iteration: 468,   current loss = -547.0152 , boundaries:  [45.71788572 -3.75642517] [119.33013087  69.85581998]
iteration: 469,   current loss = -499.9289 , boundaries:  [45.66164384 -3.79086387] [119.31613551  69.8636278 ]
iteration: 470,   current loss = -567.6984 , boundaries:  [45.73225972 -3.74683968] [119.2994433  69.8203439]
iteration: 471,   current loss = -507.3130 , boundaries:  [45.65878309 -3.82532879] [119.3262541   69.84214222]
iteration: 472,   current loss = -527.8789 , boundaries:  [45.71202245 -3.79691519] [119.31173349  69.80279585]
iteration: 473,   current loss = -532.8383 , boundaries:  [45.70513149 -3.78021639] [119.29559185  69.81024397]
iteration: 474,   current loss = -532.5673 , boundaries:  [45.70500921 -3.77987372] [119.30006258  69.81517965]
iteration: 475,   current loss = -546.9771 , boundaries:  [45.71164019 -3.77126929] [119.31036777  69.82745829]
iteration: 476,   current loss = -504.2960 , boundaries:  [45.68665243 -3.79581195] [119.32806627  69.84560189]
iteration: 477,   current loss = -531.7032 , boundaries:  [45.71459205 -3.71408641] [119.28106087  69.8523824 ]
iteration: 478,   current loss = -528.3149 , boundaries:  [45.66342208 -3.69882153] [119.23235003  69.87010641]
iteration: 479,   current loss = -522.1575 , boundaries:  [45.60361345 -3.70864641] [119.16569188  69.85343203]
iteration: 480,   current loss = -553.6434 , boundaries:  [45.55497606 -3.69478841] [119.093735    69.84397053]
iteration: 481,   current loss = -511.6601 , boundaries:  [45.4320557  -3.71234909] [119.03404235  69.88963756]
iteration: 482,   current loss = -478.7731 , boundaries:  [45.39394628 -3.71866079] [118.94252067  69.8299136 ]
iteration: 483,   current loss = -518.2246 , boundaries:  [45.36101154 -3.67705962] [118.76882245  69.73075129]
iteration: 484,   current loss = -563.8679 , boundaries:  [45.2248679  -3.67712977] [118.60471275  69.70271508]
iteration: 485,   current loss = -528.3932 , boundaries:  [45.07280683 -3.87031039] [118.55018586  69.60706865]
iteration: 486,   current loss = -528.0232 , boundaries:  [45.06660539 -3.94501293] [118.54096825  69.52934993]
iteration: 487,   current loss = -546.9935 , boundaries:  [45.09290195 -3.99707352] [118.56336105  69.47338558]
iteration: 488,   current loss = -565.6915 , boundaries:  [45.02087594 -4.06091142] [118.53922622  69.45743886]
iteration: 489,   current loss = -538.6685 , boundaries:  [44.9687694  -4.15884304] [118.5839495   69.45633707]
iteration: 490,   current loss = -554.2994 , boundaries:  [44.9394872  -4.18573114] [118.57411935  69.44890101]
iteration: 491,   current loss = -528.9061 , boundaries:  [44.9214586  -4.27864883] [118.61722216  69.41711473]
iteration: 492,   current loss = -549.3995 , boundaries:  [44.92081387 -4.27728219] [118.60632367  69.40822761]
iteration: 493,   current loss = -499.1549 , boundaries:  [44.90950748 -4.33726354] [118.6407923   69.39402129]
iteration: 494,   current loss = -532.4206 , boundaries:  [44.8821432 -4.2406132] [118.52107069  69.39831429]
iteration: 495,   current loss = -554.9972 , boundaries:  [44.88480504 -4.31687968] [118.5252685   69.32358379]
iteration: 496,   current loss = -538.4583 , boundaries:  [44.80878058 -4.36359938] [118.51203479  69.33965483]
iteration: 497,   current loss = -541.1079 , boundaries:  [44.72804539 -4.37980274] [118.44667065  69.33882252]
iteration: 498,   current loss = -526.7989 , boundaries:  [44.59871174 -4.36109269] [118.33928455  69.37948013]
iteration: 499,   current loss = -563.6892 , boundaries:  [44.4164651  -4.34724792] [118.13930056  69.37558754]
iteration: 500,   current loss = -542.9866 , boundaries:  [44.28609037 -4.38350662] [118.09196539  69.4223684 ]
iteration: 501,   current loss = -542.5002 , boundaries:  [44.17448345 -4.32788434] [118.0039164  69.5015486]
iteration: 502,   current loss = -572.3084 , boundaries:  [44.13045069 -4.37081105] [117.98118336  69.47992162]
iteration: 503,   current loss = -540.9077 , boundaries:  [44.0945507  -4.51033029] [118.04645882  69.44157783]
iteration: 504,   current loss = -524.2022 , boundaries:  [44.09527507 -4.51624699] [118.05929278  69.44777072]
iteration: 505,   current loss = -509.6575 , boundaries:  [44.12030854 -4.47432076] [118.05078221  69.45615291]
iteration: 506,   current loss = -553.8270 , boundaries:  [44.12476955 -4.40337763] [117.9836661   69.45551892]
iteration: 507,   current loss = -545.4240 , boundaries:  [44.08988012 -4.48646243] [117.99957237  69.42322982]
iteration: 508,   current loss = -534.9008 , boundaries:  [44.08185241 -4.52533048] [118.0175551   69.41037221]
iteration: 509,   current loss = -536.9266 , boundaries:  [44.07594986 -4.53461533] [118.00815786  69.39759267]
iteration: 510,   current loss = -553.5051 , boundaries:  [44.05484469 -4.52440233] [117.98917658  69.40992955]
iteration: 511,   current loss = -556.5004 , boundaries:  [44.02398374 -4.54188983] [118.00520161  69.43932805]
iteration: 512,   current loss = -527.0692 , boundaries:  [43.94113526 -4.53360416] [117.97545014  69.50071072]
iteration: 513,   current loss = -537.7830 , boundaries:  [43.92902901 -4.51511042] [117.93479294  69.49065351]
iteration: 514,   current loss = -521.8900 , boundaries:  [43.91022837 -4.52641701]